<?xml version="1.0" encoding="UTF-8"?>
<!-- Generated by org.testng.reporters.JUnitXMLReporter -->
<testsuite hostname="MININT-DVTS2IR" ignored="0" name="DFM Login" tests="8" failures="2" timestamp="2021-05-11T21:17:25 IST" time="358.296" errors="0">
  <testcase name="enterUsername" time="0.707" classname="com.ms.dfm.TC_01_DFM_Login"/>
  <testcase name="enterPassword" time="1.413" classname="com.ms.dfm.TC_01_DFM_Login"/>
  <testcase name="clickSignIn" time="0.99" classname="com.ms.dfm.TC_01_DFM_Login"/>
  <testcase name="verifyHomepage" time="31.643" classname="com.ms.dfm.TC_01_DFM_Login"/>
  <testcase name="openCases" time="7.648" classname="com.ms.dfm.TC_02_CollectCaseStatusAndSeverity"/>
  <testcase name="getLatestCaseNotes" time="236.75" classname="com.ms.dfm.TC_03_GetCaseLogs">
    <failure type="org.openqa.selenium.TimeoutException" message="Expected condition failed: waiting for element to be clickable: By.xpath: //textarea[contains(@aria-label, &amp;apos;Email CC list&amp;apos;)] (tried for 40 second(s) with 500 milliseconds interval)
Build info: version: &amp;apos;4.0.0-beta-2&amp;apos;, revision: &amp;apos;4ec0cfc112&amp;apos;
System info: host: &amp;apos;MININT-DVTS2IR&amp;apos;, ip: &amp;apos;172.31.64.1&amp;apos;, os.name: &amp;apos;Windows 10&amp;apos;, os.arch: &amp;apos;amd64&amp;apos;, os.version: &amp;apos;10.0&amp;apos;, java.version: &amp;apos;1.8.0_281&amp;apos;
Driver info: org.openqa.selenium.edge.EdgeDriver
Capabilities {acceptInsecureCerts: false, browserName: msedge, browserVersion: 90.0.818.51, javascriptEnabled: true, ms:edgeOptions: {debuggerAddress: localhost:18517}, msedge: {msedgedriverVersion: 89.0.774.48 (af55a1c97a2b24..., userDataDir: C:\Users\sarawa\AppData\Loc...}, networkConnectionEnabled: false, pageLoadStrategy: normal, platform: WINDOWS, platformName: WINDOWS, proxy: Proxy(), setWindowRect: true, strictFileInteractability: false, timeouts: {implicit: 0, pageLoad: 300000, script: 30000}, unhandledPromptBehavior: dismiss and notify, webauthn:extension:largeBlob: true, webauthn:virtualAuthenticators: true}
Session ID: 76042e7c905159924e81f2b4bdd5555f">
      <![CDATA[org.openqa.selenium.TimeoutException: Expected condition failed: waiting for element to be clickable: By.xpath: //textarea[contains(@aria-label, 'Email CC list')] (tried for 40 second(s) with 500 milliseconds interval)
Build info: version: '4.0.0-beta-2', revision: '4ec0cfc112'
System info: host: 'MININT-DVTS2IR', ip: '172.31.64.1', os.name: 'Windows 10', os.arch: 'amd64', os.version: '10.0', java.version: '1.8.0_281'
Driver info: org.openqa.selenium.edge.EdgeDriver
Capabilities {acceptInsecureCerts: false, browserName: msedge, browserVersion: 90.0.818.51, javascriptEnabled: true, ms:edgeOptions: {debuggerAddress: localhost:18517}, msedge: {msedgedriverVersion: 89.0.774.48 (af55a1c97a2b24..., userDataDir: C:\Users\sarawa\AppData\Loc...}, networkConnectionEnabled: false, pageLoadStrategy: normal, platform: WINDOWS, platformName: WINDOWS, proxy: Proxy(), setWindowRect: true, strictFileInteractability: false, timeouts: {implicit: 0, pageLoad: 300000, script: 30000}, unhandledPromptBehavior: dismiss and notify, webauthn:extension:largeBlob: true, webauthn:virtualAuthenticators: true}
Session ID: 76042e7c905159924e81f2b4bdd5555f
at org.openqa.selenium.support.ui.WebDriverWait.timeoutException(WebDriverWait.java:138)
at org.openqa.selenium.support.ui.FluentWait.until(FluentWait.java:231)
at com.ms.dfm.TC_03_GetCaseLogs.getLatestCaseNotes(TC_03_GetCaseLogs.java:80)
at java.util.ArrayList.forEach(Unknown Source)
... Removed 27 stack frames]]>
    </failure>
  </testcase> <!-- getLatestCaseNotes -->
  <testcase name="createMails" time="13.251" classname="com.ms.dfm.TC_04_SendMail">
    <failure type="org.openqa.selenium.NoSuchElementException" message="no such element: Unable to locate element: {&amp;quot;method&amp;quot;:&amp;quot;xpath&amp;quot;,&amp;quot;selector&amp;quot;:&amp;quot;(//div[contains(@class, &amp;apos;pa-a pa-qk flexbox&amp;apos;)])[1]&amp;quot;}
  (Session info: MicrosoftEdge=90.0.818.51)
For documentation on this error, please visit: https://selenium.dev/exceptions/#no_such_element
Build info: version: &amp;apos;4.0.0-beta-2&amp;apos;, revision: &amp;apos;4ec0cfc112&amp;apos;
System info: host: &amp;apos;MININT-DVTS2IR&amp;apos;, ip: &amp;apos;172.31.64.1&amp;apos;, os.name: &amp;apos;Windows 10&amp;apos;, os.arch: &amp;apos;amd64&amp;apos;, os.version: &amp;apos;10.0&amp;apos;, java.version: &amp;apos;1.8.0_281&amp;apos;
Driver info: org.openqa.selenium.edge.EdgeDriver
Command: [76042e7c905159924e81f2b4bdd5555f, findElement {using=xpath, value=(//div[contains(@class, &amp;apos;pa-a pa-qk flexbox&amp;apos;)])[1]}]
Capabilities {acceptInsecureCerts: false, browserName: msedge, browserVersion: 90.0.818.51, javascriptEnabled: true, ms:edgeOptions: {debuggerAddress: localhost:18517}, msedge: {msedgedriverVersion: 89.0.774.48 (af55a1c97a2b24..., userDataDir: C:\Users\sarawa\AppData\Loc...}, networkConnectionEnabled: false, pageLoadStrategy: normal, platform: WINDOWS, platformName: WINDOWS, proxy: Proxy(), setWindowRect: true, strictFileInteractability: false, timeouts: {implicit: 0, pageLoad: 300000, script: 30000}, unhandledPromptBehavior: dismiss and notify, webauthn:extension:largeBlob: true, webauthn:virtualAuthenticators: true}
Session ID: 76042e7c905159924e81f2b4bdd5555f">
      <![CDATA[org.openqa.selenium.NoSuchElementException: no such element: Unable to locate element: {"method":"xpath","selector":"(//div[contains(@class, 'pa-a pa-qk flexbox')])[1]"}
  (Session info: MicrosoftEdge=90.0.818.51)
For documentation on this error, please visit: https://selenium.dev/exceptions/#no_such_element
Build info: version: '4.0.0-beta-2', revision: '4ec0cfc112'
System info: host: 'MININT-DVTS2IR', ip: '172.31.64.1', os.name: 'Windows 10', os.arch: 'amd64', os.version: '10.0', java.version: '1.8.0_281'
Driver info: org.openqa.selenium.edge.EdgeDriver
Command: [76042e7c905159924e81f2b4bdd5555f, findElement {using=xpath, value=(//div[contains(@class, 'pa-a pa-qk flexbox')])[1]}]
Capabilities {acceptInsecureCerts: false, browserName: msedge, browserVersion: 90.0.818.51, javascriptEnabled: true, ms:edgeOptions: {debuggerAddress: localhost:18517}, msedge: {msedgedriverVersion: 89.0.774.48 (af55a1c97a2b24..., userDataDir: C:\Users\sarawa\AppData\Loc...}, networkConnectionEnabled: false, pageLoadStrategy: normal, platform: WINDOWS, platformName: WINDOWS, proxy: Proxy(), setWindowRect: true, strictFileInteractability: false, timeouts: {implicit: 0, pageLoad: 300000, script: 30000}, unhandledPromptBehavior: dismiss and notify, webauthn:extension:largeBlob: true, webauthn:virtualAuthenticators: true}
Session ID: 76042e7c905159924e81f2b4bdd5555f
at org.openqa.selenium.remote.codec.w3c.W3CHttpResponseCodec.createException(W3CHttpResponseCodec.java:195)
at org.openqa.selenium.remote.codec.w3c.W3CHttpResponseCodec.decode(W3CHttpResponseCodec.java:128)
at org.openqa.selenium.remote.codec.w3c.W3CHttpResponseCodec.decode(W3CHttpResponseCodec.java:52)
at org.openqa.selenium.remote.HttpCommandExecutor.execute(HttpCommandExecutor.java:187)
at org.openqa.selenium.remote.service.DriverCommandExecutor.invokeExecute(DriverCommandExecutor.java:153)
at org.openqa.selenium.remote.service.DriverCommandExecutor.execute(DriverCommandExecutor.java:128)
at org.openqa.selenium.remote.RemoteWebDriver.execute(RemoteWebDriver.java:620)
at org.openqa.selenium.remote.RemoteWebDriver$Mechanism$2.findElement(RemoteWebDriver.java:1259)
at org.openqa.selenium.remote.RemoteWebDriver.findElement(RemoteWebDriver.java:388)
at org.openqa.selenium.remote.RemoteWebDriver.findElement(RemoteWebDriver.java:382)
at com.ms.dfm.modules.CaseTimelineActions.mailTimeline(CaseTimelineActions.java:20)
at com.ms.dfm.TC_04_SendMail.createMails(TC_04_SendMail.java:307)
at java.util.ArrayList.forEach(Unknown Source)
... Removed 30 stack frames]]>
    </failure>
  </testcase> <!-- createMails -->
  <testcase name="closeCase" time="49.901" classname="com.ms.dfm.TC_05_CaseClosure"/>
</testsuite> <!-- DFM Login -->
